c:\users\hra\documents\github\zma\src\debug\vc142.pdb
c:\users\hra\documents\github\zma\src\debug\vc142.idb
c:\users\hra\documents\github\zma\src\debug\zma_text.obj
c:\users\hra\documents\github\zma\src\debug\zma_parse_expression.obj
c:\users\hra\documents\github\zma\src\debug\zma_parse.obj
c:\users\hra\documents\github\zma\src\debug\zma_information.obj
c:\users\hra\documents\github\zma\src\debug\zma.obj
c:\users\hra\documents\github\zma\src\debug\zma_parse_process_align.obj
c:\users\hra\documents\github\zma\src\debug\zma_parse_process.obj
c:\users\hra\documents\github\zma\src\debug\zma_parse_process_user_message.obj
c:\users\hra\documents\github\zma\src\debug\zma_parse_process_user_error.obj
c:\users\hra\documents\github\zma\src\debug\zma_parse_process_space.obj
c:\users\hra\documents\github\zma\src\debug\zma_parse_process_blank.obj
c:\users\hra\documents\github\zma\src\debug\zma_parse_process_add_include_path.obj
c:\users\hra\documents\github\zma\src\debug\zma_parse_process_symbol.obj
c:\users\hra\documents\github\zma\src\debug\zma_parse_process_scope.obj
c:\users\hra\documents\github\zma\src\debug\zma_parse_process_org.obj
c:\users\hra\documents\github\zma\src\debug\zma_parse_process_macro.obj
c:\users\hra\documents\github\zma\src\debug\zma_parse_process_label.obj
c:\users\hra\documents\github\zma\src\debug\zma_parse_process_global_symbol.obj
c:\users\hra\documents\github\zma\src\debug\zma_parse_process_global_label.obj
c:\users\hra\documents\github\zma\src\debug\zma_parse_process_endscope.obj
c:\users\hra\documents\github\zma\src\debug\zma_parse_process_defw.obj
c:\users\hra\documents\github\zma\src\debug\zma_parse_process_defs.obj
c:\users\hra\documents\github\zma\src\debug\zma_parse_process_defd.obj
c:\users\hra\documents\github\zma\src\debug\zma_parse_process_defb.obj
c:\users\hra\documents\github\zma\src\debug\zma_parse_process_binary_link.obj
c:\users\hra\documents\github\zma\src\debug\zma.exe
c:\users\hra\documents\github\zma\src\debug\zma.ilk
c:\users\hra\documents\github\zma\src\debug\zma.pdb
c:\users\hra\documents\github\zma\src\debug\zma.tlog\cl.command.1.tlog
c:\users\hra\documents\github\zma\src\debug\zma.tlog\cl.read.1.tlog
c:\users\hra\documents\github\zma\src\debug\zma.tlog\cl.write.1.tlog
c:\users\hra\documents\github\zma\src\debug\zma.tlog\link.command.1.tlog
c:\users\hra\documents\github\zma\src\debug\zma.tlog\link.read.1.tlog
c:\users\hra\documents\github\zma\src\debug\zma.tlog\link.write.1.tlog
