c:\users\hra\documents\github\zma\src\x64\debug\vc142.pdb
c:\users\hra\documents\github\zma\src\x64\debug\vc142.idb
c:\users\hra\documents\github\zma\src\x64\debug\zma_text.obj
c:\users\hra\documents\github\zma\src\x64\debug\zma_parse_process.obj
c:\users\hra\documents\github\zma\src\x64\debug\zma_parse_expression.obj
c:\users\hra\documents\github\zma\src\x64\debug\zma_parse.obj
c:\users\hra\documents\github\zma\src\x64\debug\zma_information.obj
c:\users\hra\documents\github\zma\src\x64\debug\zma.obj
c:\users\hra\documents\github\zma\src\x64\debug\zma_parse_process_user_message.obj
c:\users\hra\documents\github\zma\src\x64\debug\zma_parse_process_user_error.obj
c:\users\hra\documents\github\zma\src\x64\debug\zma_parse_process_space.obj
c:\users\hra\documents\github\zma\src\x64\debug\zma_parse_process_align.obj
c:\users\hra\documents\github\zma\src\x64\debug\zma_parse_process_add_include_path.obj
c:\users\hra\documents\github\zma\src\x64\debug\zma_parse_process_blank.obj
c:\users\hra\documents\github\zma\src\x64\debug\zma.ilk
c:\users\hra\documents\github\zma\src\x64\debug\zma.exe
c:\users\hra\documents\github\zma\src\x64\debug\zma.pdb
c:\users\hra\documents\github\zma\src\x64\debug\zma.tlog\cl.command.1.tlog
c:\users\hra\documents\github\zma\src\x64\debug\zma.tlog\cl.read.1.tlog
c:\users\hra\documents\github\zma\src\x64\debug\zma.tlog\cl.write.1.tlog
c:\users\hra\documents\github\zma\src\x64\debug\zma.tlog\link.command.1.tlog
c:\users\hra\documents\github\zma\src\x64\debug\zma.tlog\link.read.1.tlog
c:\users\hra\documents\github\zma\src\x64\debug\zma.tlog\link.write.1.tlog
