  zma_parse_process_add_include_path.cpp
  zma_parse_process_align.cpp
  zma_parse_process_binary_link.cpp
  zma_parse_process_blank.cpp
  zma_parse_process_defb.cpp
  zma_parse_process_defd.cpp
  zma_parse_process_defs.cpp
  zma_parse_process_defw.cpp
  zma_parse_process_endscope.cpp
  zma_parse_process_global_label.cpp
  zma_parse_process_global_symbol.cpp
  zma_parse_process_label.cpp
  zma_parse_process_macro.cpp
  zma_parse_process_org.cpp
  zma_parse_process_scope.cpp
  zma_parse_process_space.cpp
  zma_parse_process_symbol.cpp
  zma_parse_process_user_error.cpp
  zma_parse_process_user_message.cpp
  zma_parse_process.cpp
  コードを生成中...
  zma.vcxproj -> C:\Users\hra\Documents\github\zma\src\x64\Debug\zma.exe
